<?xml version="1.0" encoding="UTF-8"?>
<!-- Generated by org.testng.reporters.JUnitReportReporter -->
<testsuite skipped="0" hostname="INDDHPFQ12" name="frontEnd.PO_Count" tests="1" failures="0" timestamp="24 May 2018 06:57:24 GMT" time="0.004" errors="0">
  <testcase name="game" time="0.004" classname="frontEnd.PO_Count"/>
</testsuite> <!-- frontEnd.PO_Count -->
