<?xml version="1.0" encoding="UTF-8"?>
<!-- Generated by org.testng.reporters.JUnitReportReporter -->
<testsuite skipped="0" hostname="INDDHPFQ12" name="testScripts.Driver_Script" tests="1" failures="0" timestamp="23 May 2018 05:57:53 GMT" time="110.239" errors="0">
  <testcase name="InvokeTest" time="110.239" classname="testScripts.Driver_Script"/>
</testsuite> <!-- testScripts.Driver_Script -->
