<?xml version="1.0" encoding="UTF-8"?>
<!-- Generated by org.testng.reporters.JUnitReportReporter -->
<testsuite skipped="0" hostname="INDDHPFQ12" name="framework.Driver_Script" tests="1" failures="0" timestamp="22 Jun 2018 10:18:33 GMT" time="437.349" errors="0">
  <testcase name="InvokeTest" time="437.349" classname="framework.Driver_Script"/>
</testsuite> <!-- framework.Driver_Script -->
